<?xml version="1.0" encoding="UTF-8"?>
<testsuite name="ResponseTest" tests="6" skipped="0" failures="0" errors="0" timestamp="2018-08-24T05:13:28" hostname="ahmni01mac148" time="0.002">
  <properties/>
  <testcase name="testResponseHeaderSetGetValue" classname="ResponseTest" time="0.001"/>
  <testcase name="testResponseHeaderGetValueKeyMissIsNull" classname="ResponseTest" time="0.0"/>
  <testcase name="testResponseHeaderSetGetClearGetValue" classname="ResponseTest" time="0.001"/>
  <testcase name="testResponseGetSetContentType" classname="ResponseTest" time="0.0"/>
  <testcase name="testResponseStatusCodeDefaultValue" classname="ResponseTest" time="0.0"/>
  <testcase name="testResponseStatusCodeSetGetValue" classname="ResponseTest" time="0.0"/>
  <system-out><![CDATA[]]></system-out>
  <system-err><![CDATA[]]></system-err>
</testsuite>
