<?xml version="1.0" encoding="UTF-8"?>
<testsuite name="HandlerTest" tests="1" skipped="0" failures="0" errors="0" timestamp="2018-08-24T09:41:58" hostname="ahmni01mac148" time="0.004">
  <properties/>
  <testcase name="handlerIsNotNull" classname="HandlerTest" time="0.004"/>
  <system-out><![CDATA[]]></system-out>
  <system-err><![CDATA[]]></system-err>
</testsuite>
